<?xml version="1.0" encoding="UTF-8"?>
<testsuite xmlns:xsi="http://www.w3.org/2001/XMLSchema-instance" xsi:noNamespaceSchemaLocation="https://maven.apache.org/surefire/maven-surefire-plugin/xsd/surefire-test-report.xsd" name="architecture.integration.web.articles.ArticleControllerCreateIntegrationTests" time="2.967" tests="20" errors="2" skipped="0" failures="14">
  <properties>
    <property name="sun.desktop" value="windows"/>
    <property name="awt.toolkit" value="sun.awt.windows.WToolkit"/>
    <property name="java.specification.version" value="11"/>
    <property name="sun.cpu.isalist" value="amd64"/>
    <property name="sun.jnu.encoding" value="Cp1252"/>
    <property name="java.class.path" value="E:\arch-frontend\backend\target\test-classes;E:\arch-frontend\backend\target\classes;C:\Users\andre\.m2\repository\org\springframework\boot\spring-boot-starter-thymeleaf\2.1.8.RELEASE\spring-boot-starter-thymeleaf-2.1.8.RELEASE.jar;C:\Users\andre\.m2\repository\org\springframework\boot\spring-boot-starter\2.1.8.RELEASE\spring-boot-starter-2.1.8.RELEASE.jar;C:\Users\andre\.m2\repository\org\springframework\boot\spring-boot-starter-logging\2.1.8.RELEASE\spring-boot-starter-logging-2.1.8.RELEASE.jar;C:\Users\andre\.m2\repository\ch\qos\logback\logback-classic\1.2.3\logback-classic-1.2.3.jar;C:\Users\andre\.m2\repository\ch\qos\logback\logback-core\1.2.3\logback-core-1.2.3.jar;C:\Users\andre\.m2\repository\org\apache\logging\log4j\log4j-to-slf4j\2.11.2\log4j-to-slf4j-2.11.2.jar;C:\Users\andre\.m2\repository\org\apache\logging\log4j\log4j-api\2.11.2\log4j-api-2.11.2.jar;C:\Users\andre\.m2\repository\org\slf4j\jul-to-slf4j\1.7.28\jul-to-slf4j-1.7.28.jar;C:\Users\andre\.m2\repository\javax\annotation\javax.annotation-api\1.3.2\javax.annotation-api-1.3.2.jar;C:\Users\andre\.m2\repository\org\yaml\snakeyaml\1.23\snakeyaml-1.23.jar;C:\Users\andre\.m2\repository\org\thymeleaf\thymeleaf-spring5\3.0.11.RELEASE\thymeleaf-spring5-3.0.11.RELEASE.jar;C:\Users\andre\.m2\repository\org\thymeleaf\thymeleaf\3.0.11.RELEASE\thymeleaf-3.0.11.RELEASE.jar;C:\Users\andre\.m2\repository\org\attoparser\attoparser\2.0.5.RELEASE\attoparser-2.0.5.RELEASE.jar;C:\Users\andre\.m2\repository\org\unbescape\unbescape\1.1.6.RELEASE\unbescape-1.1.6.RELEASE.jar;C:\Users\andre\.m2\repository\org\thymeleaf\extras\thymeleaf-extras-java8time\3.0.4.RELEASE\thymeleaf-extras-java8time-3.0.4.RELEASE.jar;C:\Users\andre\.m2\repository\org\thymeleaf\extras\thymeleaf-extras-springsecurity5\3.0.4.RELEASE\thymeleaf-extras-springsecurity5-3.0.4.RELEASE.jar;C:\Users\andre\.m2\repository\org\slf4j\slf4j-api\1.7.28\slf4j-api-1.7.28.jar;C:\Users\andre\.m2\repository\org\springframework\boot\spring-boot-starter-web\2.1.8.RELEASE\spring-boot-starter-web-2.1.8.RELEASE.jar;C:\Users\andre\.m2\repository\org\springframework\boot\spring-boot-starter-json\2.1.8.RELEASE\spring-boot-starter-json-2.1.8.RELEASE.jar;C:\Users\andre\.m2\repository\com\fasterxml\jackson\datatype\jackson-datatype-jdk8\2.9.9\jackson-datatype-jdk8-2.9.9.jar;C:\Users\andre\.m2\repository\com\fasterxml\jackson\datatype\jackson-datatype-jsr310\2.9.9\jackson-datatype-jsr310-2.9.9.jar;C:\Users\andre\.m2\repository\com\fasterxml\jackson\module\jackson-module-parameter-names\2.9.9\jackson-module-parameter-names-2.9.9.jar;C:\Users\andre\.m2\repository\org\springframework\boot\spring-boot-starter-tomcat\2.1.8.RELEASE\spring-boot-starter-tomcat-2.1.8.RELEASE.jar;C:\Users\andre\.m2\repository\org\apache\tomcat\embed\tomcat-embed-core\9.0.24\tomcat-embed-core-9.0.24.jar;C:\Users\andre\.m2\repository\org\apache\tomcat\embed\tomcat-embed-el\9.0.24\tomcat-embed-el-9.0.24.jar;C:\Users\andre\.m2\repository\org\apache\tomcat\embed\tomcat-embed-websocket\9.0.24\tomcat-embed-websocket-9.0.24.jar;C:\Users\andre\.m2\repository\org\hibernate\validator\hibernate-validator\6.0.17.Final\hibernate-validator-6.0.17.Final.jar;C:\Users\andre\.m2\repository\javax\validation\validation-api\2.0.1.Final\validation-api-2.0.1.Final.jar;C:\Users\andre\.m2\repository\org\jboss\logging\jboss-logging\3.3.3.Final\jboss-logging-3.3.3.Final.jar;C:\Users\andre\.m2\repository\com\fasterxml\classmate\1.4.0\classmate-1.4.0.jar;C:\Users\andre\.m2\repository\org\springframework\spring-web\5.1.9.RELEASE\spring-web-5.1.9.RELEASE.jar;C:\Users\andre\.m2\repository\org\springframework\spring-beans\5.1.9.RELEASE\spring-beans-5.1.9.RELEASE.jar;C:\Users\andre\.m2\repository\org\springframework\spring-webmvc\5.1.9.RELEASE\spring-webmvc-5.1.9.RELEASE.jar;C:\Users\andre\.m2\repository\org\springframework\spring-context\5.1.9.RELEASE\spring-context-5.1.9.RELEASE.jar;C:\Users\andre\.m2\repository\org\springframework\spring-expression\5.1.9.RELEASE\spring-expression-5.1.9.RELEASE.jar;C:\Users\andre\.m2\repository\org\springframework\boot\spring-boot-devtools\2.1.8.RELEASE\spring-boot-devtools-2.1.8.RELEASE.jar;C:\Users\andre\.m2\repository\org\springframework\boot\spring-boot\2.1.8.RELEASE\spring-boot-2.1.8.RELEASE.jar;C:\Users\andre\.m2\repository\org\springframework\boot\spring-boot-autoconfigure\2.1.8.RELEASE\spring-boot-autoconfigure-2.1.8.RELEASE.jar;C:\Users\andre\.m2\repository\org\springframework\boot\spring-boot-starter-test\2.1.8.RELEASE\spring-boot-starter-test-2.1.8.RELEASE.jar;C:\Users\andre\.m2\repository\org\springframework\boot\spring-boot-test\2.1.8.RELEASE\spring-boot-test-2.1.8.RELEASE.jar;C:\Users\andre\.m2\repository\org\springframework\boot\spring-boot-test-autoconfigure\2.1.8.RELEASE\spring-boot-test-autoconfigure-2.1.8.RELEASE.jar;C:\Users\andre\.m2\repository\com\jayway\jsonpath\json-path\2.4.0\json-path-2.4.0.jar;C:\Users\andre\.m2\repository\net\minidev\json-smart\2.3\json-smart-2.3.jar;C:\Users\andre\.m2\repository\net\minidev\accessors-smart\1.2\accessors-smart-1.2.jar;C:\Users\andre\.m2\repository\org\ow2\asm\asm\5.0.4\asm-5.0.4.jar;C:\Users\andre\.m2\repository\junit\junit\4.12\junit-4.12.jar;C:\Users\andre\.m2\repository\org\assertj\assertj-core\3.11.1\assertj-core-3.11.1.jar;C:\Users\andre\.m2\repository\org\mockito\mockito-core\2.23.4\mockito-core-2.23.4.jar;C:\Users\andre\.m2\repository\net\bytebuddy\byte-buddy\1.9.16\byte-buddy-1.9.16.jar;C:\Users\andre\.m2\repository\net\bytebuddy\byte-buddy-agent\1.9.16\byte-buddy-agent-1.9.16.jar;C:\Users\andre\.m2\repository\org\objenesis\objenesis\2.6\objenesis-2.6.jar;C:\Users\andre\.m2\repository\org\hamcrest\hamcrest-core\1.3\hamcrest-core-1.3.jar;C:\Users\andre\.m2\repository\org\hamcrest\hamcrest-library\1.3\hamcrest-library-1.3.jar;C:\Users\andre\.m2\repository\org\skyscreamer\jsonassert\1.5.0\jsonassert-1.5.0.jar;C:\Users\andre\.m2\repository\com\vaadin\external\google\android-json\0.0.20131108.vaadin1\android-json-0.0.20131108.vaadin1.jar;C:\Users\andre\.m2\repository\org\springframework\spring-core\5.1.9.RELEASE\spring-core-5.1.9.RELEASE.jar;C:\Users\andre\.m2\repository\org\springframework\spring-jcl\5.1.9.RELEASE\spring-jcl-5.1.9.RELEASE.jar;C:\Users\andre\.m2\repository\org\springframework\spring-test\5.1.9.RELEASE\spring-test-5.1.9.RELEASE.jar;C:\Users\andre\.m2\repository\org\xmlunit\xmlunit-core\2.6.3\xmlunit-core-2.6.3.jar;C:\Users\andre\.m2\repository\org\springframework\boot\spring-boot-starter-data-jpa\2.1.8.RELEASE\spring-boot-starter-data-jpa-2.1.8.RELEASE.jar;C:\Users\andre\.m2\repository\org\springframework\boot\spring-boot-starter-aop\2.1.8.RELEASE\spring-boot-starter-aop-2.1.8.RELEASE.jar;C:\Users\andre\.m2\repository\org\aspectj\aspectjweaver\1.9.4\aspectjweaver-1.9.4.jar;C:\Users\andre\.m2\repository\org\springframework\boot\spring-boot-starter-jdbc\2.1.8.RELEASE\spring-boot-starter-jdbc-2.1.8.RELEASE.jar;C:\Users\andre\.m2\repository\com\zaxxer\HikariCP\3.2.0\HikariCP-3.2.0.jar;C:\Users\andre\.m2\repository\org\springframework\spring-jdbc\5.1.9.RELEASE\spring-jdbc-5.1.9.RELEASE.jar;C:\Users\andre\.m2\repository\javax\transaction\javax.transaction-api\1.3\javax.transaction-api-1.3.jar;C:\Users\andre\.m2\repository\javax\xml\bind\jaxb-api\2.3.1\jaxb-api-2.3.1.jar;C:\Users\andre\.m2\repository\javax\activation\javax.activation-api\1.2.0\javax.activation-api-1.2.0.jar;C:\Users\andre\.m2\repository\org\hibernate\hibernate-core\5.3.11.Final\hibernate-core-5.3.11.Final.jar;C:\Users\andre\.m2\repository\javax\persistence\javax.persistence-api\2.2\javax.persistence-api-2.2.jar;C:\Users\andre\.m2\repository\org\javassist\javassist\3.23.2-GA\javassist-3.23.2-GA.jar;C:\Users\andre\.m2\repository\antlr\antlr\2.7.7\antlr-2.7.7.jar;C:\Users\andre\.m2\repository\org\jboss\jandex\2.0.5.Final\jandex-2.0.5.Final.jar;C:\Users\andre\.m2\repository\org\dom4j\dom4j\2.1.1\dom4j-2.1.1.jar;C:\Users\andre\.m2\repository\org\hibernate\common\hibernate-commons-annotations\5.0.4.Final\hibernate-commons-annotations-5.0.4.Final.jar;C:\Users\andre\.m2\repository\org\springframework\data\spring-data-jpa\2.1.10.RELEASE\spring-data-jpa-2.1.10.RELEASE.jar;C:\Users\andre\.m2\repository\org\springframework\data\spring-data-commons\2.1.10.RELEASE\spring-data-commons-2.1.10.RELEASE.jar;C:\Users\andre\.m2\repository\org\springframework\spring-orm\5.1.9.RELEASE\spring-orm-5.1.9.RELEASE.jar;C:\Users\andre\.m2\repository\org\springframework\spring-tx\5.1.9.RELEASE\spring-tx-5.1.9.RELEASE.jar;C:\Users\andre\.m2\repository\org\springframework\spring-aspects\5.1.9.RELEASE\spring-aspects-5.1.9.RELEASE.jar;C:\Users\andre\.m2\repository\mysql\mysql-connector-java\8.0.17\mysql-connector-java-8.0.17.jar;C:\Users\andre\.m2\repository\org\springframework\boot\spring-boot-starter-security\2.1.8.RELEASE\spring-boot-starter-security-2.1.8.RELEASE.jar;C:\Users\andre\.m2\repository\org\springframework\spring-aop\5.1.9.RELEASE\spring-aop-5.1.9.RELEASE.jar;C:\Users\andre\.m2\repository\org\springframework\security\spring-security-config\5.1.6.RELEASE\spring-security-config-5.1.6.RELEASE.jar;C:\Users\andre\.m2\repository\org\springframework\security\spring-security-web\5.1.6.RELEASE\spring-security-web-5.1.6.RELEASE.jar;C:\Users\andre\.m2\repository\org\modelmapper\modelmapper\2.3.2\modelmapper-2.3.2.jar;C:\Users\andre\.m2\repository\com\h2database\h2\1.4.199\h2-1.4.199.jar;C:\Users\andre\.m2\repository\org\springframework\security\spring-security-test\5.1.6.RELEASE\spring-security-test-5.1.6.RELEASE.jar;C:\Users\andre\.m2\repository\org\springframework\security\spring-security-core\5.1.6.RELEASE\spring-security-core-5.1.6.RELEASE.jar;C:\Users\andre\.m2\repository\org\apache\commons\commons-text\1.7\commons-text-1.7.jar;C:\Users\andre\.m2\repository\org\apache\commons\commons-lang3\3.8.1\commons-lang3-3.8.1.jar;C:\Users\andre\.m2\repository\io\jsonwebtoken\jjwt\0.7.0\jjwt-0.7.0.jar;C:\Users\andre\.m2\repository\com\fasterxml\jackson\core\jackson-databind\2.9.9.3\jackson-databind-2.9.9.3.jar;C:\Users\andre\.m2\repository\com\fasterxml\jackson\core\jackson-annotations\2.9.0\jackson-annotations-2.9.0.jar;C:\Users\andre\.m2\repository\com\fasterxml\jackson\core\jackson-core\2.9.9\jackson-core-2.9.9.jar;C:\Users\andre\.m2\repository\org\json\json\20190722\json-20190722.jar;"/>
    <property name="java.vm.vendor" value="Oracle Corporation"/>
    <property name="sun.arch.data.model" value="64"/>
    <property name="user.variant" value=""/>
    <property name="java.vendor.url" value="https://openjdk.java.net/"/>
    <property name="user.timezone" value="Europe/Athens"/>
    <property name="java.vm.specification.version" value="11"/>
    <property name="os.name" value="Windows 10"/>
    <property name="sun.java.launcher" value="SUN_STANDARD"/>
    <property name="user.country" value="US"/>
    <property name="sun.boot.library.path" value="C:\Program Files\Java\jdk-11.0.7\bin"/>
    <property name="sun.java.command" value="C:\Users\andre\AppData\Local\Temp\surefire15646147608068412753\surefirebooter9124634158658571752.jar C:\Users\andre\AppData\Local\Temp\surefire15646147608068412753 2020-06-03T15-22-52_205-jvmRun1 surefire155342238983509460tmp surefire_013309590386506864257tmp"/>
    <property name="jdk.debug" value="release"/>
    <property name="surefire.test.class.path" value="E:\arch-frontend\backend\target\test-classes;E:\arch-frontend\backend\target\classes;C:\Users\andre\.m2\repository\org\springframework\boot\spring-boot-starter-thymeleaf\2.1.8.RELEASE\spring-boot-starter-thymeleaf-2.1.8.RELEASE.jar;C:\Users\andre\.m2\repository\org\springframework\boot\spring-boot-starter\2.1.8.RELEASE\spring-boot-starter-2.1.8.RELEASE.jar;C:\Users\andre\.m2\repository\org\springframework\boot\spring-boot-starter-logging\2.1.8.RELEASE\spring-boot-starter-logging-2.1.8.RELEASE.jar;C:\Users\andre\.m2\repository\ch\qos\logback\logback-classic\1.2.3\logback-classic-1.2.3.jar;C:\Users\andre\.m2\repository\ch\qos\logback\logback-core\1.2.3\logback-core-1.2.3.jar;C:\Users\andre\.m2\repository\org\apache\logging\log4j\log4j-to-slf4j\2.11.2\log4j-to-slf4j-2.11.2.jar;C:\Users\andre\.m2\repository\org\apache\logging\log4j\log4j-api\2.11.2\log4j-api-2.11.2.jar;C:\Users\andre\.m2\repository\org\slf4j\jul-to-slf4j\1.7.28\jul-to-slf4j-1.7.28.jar;C:\Users\andre\.m2\repository\javax\annotation\javax.annotation-api\1.3.2\javax.annotation-api-1.3.2.jar;C:\Users\andre\.m2\repository\org\yaml\snakeyaml\1.23\snakeyaml-1.23.jar;C:\Users\andre\.m2\repository\org\thymeleaf\thymeleaf-spring5\3.0.11.RELEASE\thymeleaf-spring5-3.0.11.RELEASE.jar;C:\Users\andre\.m2\repository\org\thymeleaf\thymeleaf\3.0.11.RELEASE\thymeleaf-3.0.11.RELEASE.jar;C:\Users\andre\.m2\repository\org\attoparser\attoparser\2.0.5.RELEASE\attoparser-2.0.5.RELEASE.jar;C:\Users\andre\.m2\repository\org\unbescape\unbescape\1.1.6.RELEASE\unbescape-1.1.6.RELEASE.jar;C:\Users\andre\.m2\repository\org\thymeleaf\extras\thymeleaf-extras-java8time\3.0.4.RELEASE\thymeleaf-extras-java8time-3.0.4.RELEASE.jar;C:\Users\andre\.m2\repository\org\thymeleaf\extras\thymeleaf-extras-springsecurity5\3.0.4.RELEASE\thymeleaf-extras-springsecurity5-3.0.4.RELEASE.jar;C:\Users\andre\.m2\repository\org\slf4j\slf4j-api\1.7.28\slf4j-api-1.7.28.jar;C:\Users\andre\.m2\repository\org\springframework\boot\spring-boot-starter-web\2.1.8.RELEASE\spring-boot-starter-web-2.1.8.RELEASE.jar;C:\Users\andre\.m2\repository\org\springframework\boot\spring-boot-starter-json\2.1.8.RELEASE\spring-boot-starter-json-2.1.8.RELEASE.jar;C:\Users\andre\.m2\repository\com\fasterxml\jackson\datatype\jackson-datatype-jdk8\2.9.9\jackson-datatype-jdk8-2.9.9.jar;C:\Users\andre\.m2\repository\com\fasterxml\jackson\datatype\jackson-datatype-jsr310\2.9.9\jackson-datatype-jsr310-2.9.9.jar;C:\Users\andre\.m2\repository\com\fasterxml\jackson\module\jackson-module-parameter-names\2.9.9\jackson-module-parameter-names-2.9.9.jar;C:\Users\andre\.m2\repository\org\springframework\boot\spring-boot-starter-tomcat\2.1.8.RELEASE\spring-boot-starter-tomcat-2.1.8.RELEASE.jar;C:\Users\andre\.m2\repository\org\apache\tomcat\embed\tomcat-embed-core\9.0.24\tomcat-embed-core-9.0.24.jar;C:\Users\andre\.m2\repository\org\apache\tomcat\embed\tomcat-embed-el\9.0.24\tomcat-embed-el-9.0.24.jar;C:\Users\andre\.m2\repository\org\apache\tomcat\embed\tomcat-embed-websocket\9.0.24\tomcat-embed-websocket-9.0.24.jar;C:\Users\andre\.m2\repository\org\hibernate\validator\hibernate-validator\6.0.17.Final\hibernate-validator-6.0.17.Final.jar;C:\Users\andre\.m2\repository\javax\validation\validation-api\2.0.1.Final\validation-api-2.0.1.Final.jar;C:\Users\andre\.m2\repository\org\jboss\logging\jboss-logging\3.3.3.Final\jboss-logging-3.3.3.Final.jar;C:\Users\andre\.m2\repository\com\fasterxml\classmate\1.4.0\classmate-1.4.0.jar;C:\Users\andre\.m2\repository\org\springframework\spring-web\5.1.9.RELEASE\spring-web-5.1.9.RELEASE.jar;C:\Users\andre\.m2\repository\org\springframework\spring-beans\5.1.9.RELEASE\spring-beans-5.1.9.RELEASE.jar;C:\Users\andre\.m2\repository\org\springframework\spring-webmvc\5.1.9.RELEASE\spring-webmvc-5.1.9.RELEASE.jar;C:\Users\andre\.m2\repository\org\springframework\spring-context\5.1.9.RELEASE\spring-context-5.1.9.RELEASE.jar;C:\Users\andre\.m2\repository\org\springframework\spring-expression\5.1.9.RELEASE\spring-expression-5.1.9.RELEASE.jar;C:\Users\andre\.m2\repository\org\springframework\boot\spring-boot-devtools\2.1.8.RELEASE\spring-boot-devtools-2.1.8.RELEASE.jar;C:\Users\andre\.m2\repository\org\springframework\boot\spring-boot\2.1.8.RELEASE\spring-boot-2.1.8.RELEASE.jar;C:\Users\andre\.m2\repository\org\springframework\boot\spring-boot-autoconfigure\2.1.8.RELEASE\spring-boot-autoconfigure-2.1.8.RELEASE.jar;C:\Users\andre\.m2\repository\org\springframework\boot\spring-boot-starter-test\2.1.8.RELEASE\spring-boot-starter-test-2.1.8.RELEASE.jar;C:\Users\andre\.m2\repository\org\springframework\boot\spring-boot-test\2.1.8.RELEASE\spring-boot-test-2.1.8.RELEASE.jar;C:\Users\andre\.m2\repository\org\springframework\boot\spring-boot-test-autoconfigure\2.1.8.RELEASE\spring-boot-test-autoconfigure-2.1.8.RELEASE.jar;C:\Users\andre\.m2\repository\com\jayway\jsonpath\json-path\2.4.0\json-path-2.4.0.jar;C:\Users\andre\.m2\repository\net\minidev\json-smart\2.3\json-smart-2.3.jar;C:\Users\andre\.m2\repository\net\minidev\accessors-smart\1.2\accessors-smart-1.2.jar;C:\Users\andre\.m2\repository\org\ow2\asm\asm\5.0.4\asm-5.0.4.jar;C:\Users\andre\.m2\repository\junit\junit\4.12\junit-4.12.jar;C:\Users\andre\.m2\repository\org\assertj\assertj-core\3.11.1\assertj-core-3.11.1.jar;C:\Users\andre\.m2\repository\org\mockito\mockito-core\2.23.4\mockito-core-2.23.4.jar;C:\Users\andre\.m2\repository\net\bytebuddy\byte-buddy\1.9.16\byte-buddy-1.9.16.jar;C:\Users\andre\.m2\repository\net\bytebuddy\byte-buddy-agent\1.9.16\byte-buddy-agent-1.9.16.jar;C:\Users\andre\.m2\repository\org\objenesis\objenesis\2.6\objenesis-2.6.jar;C:\Users\andre\.m2\repository\org\hamcrest\hamcrest-core\1.3\hamcrest-core-1.3.jar;C:\Users\andre\.m2\repository\org\hamcrest\hamcrest-library\1.3\hamcrest-library-1.3.jar;C:\Users\andre\.m2\repository\org\skyscreamer\jsonassert\1.5.0\jsonassert-1.5.0.jar;C:\Users\andre\.m2\repository\com\vaadin\external\google\android-json\0.0.20131108.vaadin1\android-json-0.0.20131108.vaadin1.jar;C:\Users\andre\.m2\repository\org\springframework\spring-core\5.1.9.RELEASE\spring-core-5.1.9.RELEASE.jar;C:\Users\andre\.m2\repository\org\springframework\spring-jcl\5.1.9.RELEASE\spring-jcl-5.1.9.RELEASE.jar;C:\Users\andre\.m2\repository\org\springframework\spring-test\5.1.9.RELEASE\spring-test-5.1.9.RELEASE.jar;C:\Users\andre\.m2\repository\org\xmlunit\xmlunit-core\2.6.3\xmlunit-core-2.6.3.jar;C:\Users\andre\.m2\repository\org\springframework\boot\spring-boot-starter-data-jpa\2.1.8.RELEASE\spring-boot-starter-data-jpa-2.1.8.RELEASE.jar;C:\Users\andre\.m2\repository\org\springframework\boot\spring-boot-starter-aop\2.1.8.RELEASE\spring-boot-starter-aop-2.1.8.RELEASE.jar;C:\Users\andre\.m2\repository\org\aspectj\aspectjweaver\1.9.4\aspectjweaver-1.9.4.jar;C:\Users\andre\.m2\repository\org\springframework\boot\spring-boot-starter-jdbc\2.1.8.RELEASE\spring-boot-starter-jdbc-2.1.8.RELEASE.jar;C:\Users\andre\.m2\repository\com\zaxxer\HikariCP\3.2.0\HikariCP-3.2.0.jar;C:\Users\andre\.m2\repository\org\springframework\spring-jdbc\5.1.9.RELEASE\spring-jdbc-5.1.9.RELEASE.jar;C:\Users\andre\.m2\repository\javax\transaction\javax.transaction-api\1.3\javax.transaction-api-1.3.jar;C:\Users\andre\.m2\repository\javax\xml\bind\jaxb-api\2.3.1\jaxb-api-2.3.1.jar;C:\Users\andre\.m2\repository\javax\activation\javax.activation-api\1.2.0\javax.activation-api-1.2.0.jar;C:\Users\andre\.m2\repository\org\hibernate\hibernate-core\5.3.11.Final\hibernate-core-5.3.11.Final.jar;C:\Users\andre\.m2\repository\javax\persistence\javax.persistence-api\2.2\javax.persistence-api-2.2.jar;C:\Users\andre\.m2\repository\org\javassist\javassist\3.23.2-GA\javassist-3.23.2-GA.jar;C:\Users\andre\.m2\repository\antlr\antlr\2.7.7\antlr-2.7.7.jar;C:\Users\andre\.m2\repository\org\jboss\jandex\2.0.5.Final\jandex-2.0.5.Final.jar;C:\Users\andre\.m2\repository\org\dom4j\dom4j\2.1.1\dom4j-2.1.1.jar;C:\Users\andre\.m2\repository\org\hibernate\common\hibernate-commons-annotations\5.0.4.Final\hibernate-commons-annotations-5.0.4.Final.jar;C:\Users\andre\.m2\repository\org\springframework\data\spring-data-jpa\2.1.10.RELEASE\spring-data-jpa-2.1.10.RELEASE.jar;C:\Users\andre\.m2\repository\org\springframework\data\spring-data-commons\2.1.10.RELEASE\spring-data-commons-2.1.10.RELEASE.jar;C:\Users\andre\.m2\repository\org\springframework\spring-orm\5.1.9.RELEASE\spring-orm-5.1.9.RELEASE.jar;C:\Users\andre\.m2\repository\org\springframework\spring-tx\5.1.9.RELEASE\spring-tx-5.1.9.RELEASE.jar;C:\Users\andre\.m2\repository\org\springframework\spring-aspects\5.1.9.RELEASE\spring-aspects-5.1.9.RELEASE.jar;C:\Users\andre\.m2\repository\mysql\mysql-connector-java\8.0.17\mysql-connector-java-8.0.17.jar;C:\Users\andre\.m2\repository\org\springframework\boot\spring-boot-starter-security\2.1.8.RELEASE\spring-boot-starter-security-2.1.8.RELEASE.jar;C:\Users\andre\.m2\repository\org\springframework\spring-aop\5.1.9.RELEASE\spring-aop-5.1.9.RELEASE.jar;C:\Users\andre\.m2\repository\org\springframework\security\spring-security-config\5.1.6.RELEASE\spring-security-config-5.1.6.RELEASE.jar;C:\Users\andre\.m2\repository\org\springframework\security\spring-security-web\5.1.6.RELEASE\spring-security-web-5.1.6.RELEASE.jar;C:\Users\andre\.m2\repository\org\modelmapper\modelmapper\2.3.2\modelmapper-2.3.2.jar;C:\Users\andre\.m2\repository\com\h2database\h2\1.4.199\h2-1.4.199.jar;C:\Users\andre\.m2\repository\org\springframework\security\spring-security-test\5.1.6.RELEASE\spring-security-test-5.1.6.RELEASE.jar;C:\Users\andre\.m2\repository\org\springframework\security\spring-security-core\5.1.6.RELEASE\spring-security-core-5.1.6.RELEASE.jar;C:\Users\andre\.m2\repository\org\apache\commons\commons-text\1.7\commons-text-1.7.jar;C:\Users\andre\.m2\repository\org\apache\commons\commons-lang3\3.8.1\commons-lang3-3.8.1.jar;C:\Users\andre\.m2\repository\io\jsonwebtoken\jjwt\0.7.0\jjwt-0.7.0.jar;C:\Users\andre\.m2\repository\com\fasterxml\jackson\core\jackson-databind\2.9.9.3\jackson-databind-2.9.9.3.jar;C:\Users\andre\.m2\repository\com\fasterxml\jackson\core\jackson-annotations\2.9.0\jackson-annotations-2.9.0.jar;C:\Users\andre\.m2\repository\com\fasterxml\jackson\core\jackson-core\2.9.9\jackson-core-2.9.9.jar;C:\Users\andre\.m2\repository\org\json\json\20190722\json-20190722.jar;"/>
    <property name="sun.cpu.endian" value="little"/>
    <property name="user.home" value="C:\Users\andre"/>
    <property name="user.language" value="en"/>
    <property name="java.specification.vendor" value="Oracle Corporation"/>
    <property name="java.version.date" value="2020-04-14"/>
    <property name="java.home" value="C:\Program Files\Java\jdk-11.0.7"/>
    <property name="file.separator" value="\"/>
    <property name="basedir" value="E:\arch-frontend\backend"/>
    <property name="java.vm.compressedOopsMode" value="32-bit"/>
    <property name="line.separator" value="&#10;"/>
    <property name="java.specification.name" value="Java Platform API Specification"/>
    <property name="java.vm.specification.vendor" value="Oracle Corporation"/>
    <property name="java.awt.graphicsenv" value="sun.awt.Win32GraphicsEnvironment"/>
    <property name="surefire.real.class.path" value="C:\Users\andre\AppData\Local\Temp\surefire15646147608068412753\surefirebooter9124634158658571752.jar"/>
    <property name="user.script" value=""/>
    <property name="sun.management.compiler" value="HotSpot 64-Bit Tiered Compilers"/>
    <property name="java.runtime.version" value="11.0.7+8-LTS"/>
    <property name="user.name" value="andre"/>
    <property name="path.separator" value=";"/>
    <property name="os.version" value="10.0"/>
    <property name="java.runtime.name" value="Java(TM) SE Runtime Environment"/>
    <property name="file.encoding" value="Cp1252"/>
    <property name="java.vm.name" value="Java HotSpot(TM) 64-Bit Server VM"/>
    <property name="java.vendor.version" value="18.9"/>
    <property name="localRepository" value="C:\Users\andre\.m2\repository"/>
    <property name="java.vendor.url.bug" value="https://bugreport.java.com/bugreport/"/>
    <property name="java.io.tmpdir" value="C:\Users\andre\AppData\Local\Temp\"/>
    <property name="java.version" value="11.0.7"/>
    <property name="user.dir" value="E:\arch-frontend\backend"/>
    <property name="os.arch" value="amd64"/>
    <property name="java.vm.specification.name" value="Java Virtual Machine Specification"/>
    <property name="java.awt.printerjob" value="sun.awt.windows.WPrinterJob"/>
    <property name="sun.os.patch.level" value=""/>
    <property name="java.library.path" value="C:\Program Files\Java\jdk-11.0.7\bin;C:\WINDOWS\Sun\Java\bin;C:\WINDOWS\system32;C:\WINDOWS;C:\WINDOWS\system32;C:\WINDOWS;C:\WINDOWS\System32\Wbem;C:\WINDOWS\System32\WindowsPowerShell\v1.0\;C:\Program Files\nodejs\;C:\Program Files\Git\cmd;C:\WINDOWS\System32\OpenSSH\;C:\Program Files (x86)\QuickTime\QTSystem\;C:\Program Files\Java\jdk-11.0.7\bin;C:\Program Files\apache-maven-3.6.3\bin;C:\Users\andre\AppData\Local\Microsoft\WindowsApps;C:\Users\andre\AppData\Roaming\npm;C:\Users\andre\AppData\Local\Programs\Microsoft VS Code\bin;;."/>
    <property name="java.vendor" value="Oracle Corporation"/>
    <property name="java.vm.info" value="mixed mode"/>
    <property name="java.vm.version" value="11.0.7+8-LTS"/>
    <property name="sun.io.unicode.encoding" value="UnicodeLittle"/>
    <property name="java.class.version" value="55.0"/>
  </properties>
  <testcase name="post_createArticle_withInvalidData_doesNotModifyData" classname="architecture.integration.web.articles.ArticleControllerCreateIntegrationTests" time="0.113"/>
  <testcase name="post_createArticle_withTitleLessThen2_returnsForm" classname="architecture.integration.web.articles.ArticleControllerCreateIntegrationTests" time="0.093">
    <failure message="Status expected:&lt;200&gt; but was:&lt;403&gt;" type="java.lang.AssertionError"><![CDATA[java.lang.AssertionError: Status expected:<200> but was:<403>
	at architecture.integration.web.articles.ArticleControllerCreateIntegrationTests.post_createArticle_withTitleLessThen2_returnsForm(ArticleControllerCreateIntegrationTests.java:382)
]]></failure>
    <system-out><![CDATA[/fr/admin/articles/create


MockHttpServletRequest:
      HTTP Method = POST
      Request URI = /fr/admin/articles/create
       Parameters = {categoryId=[], _csrf=[a3613ad4-12ea-4a6c-bfa1-51bd3f33d0a7]}
          Headers = [Cookie:"lang=fr", Accept-Language:"fr-fr"]
             Body = null
    Session Attrs = {org.springframework.web.servlet.support.SessionFlashMapManager.FLASH_MAPS=[FlashMap [attributes={articleBinding=architecture.domain.models.bindingModels.articles.ArticleCreateBindingModel@2d359d14}, targetRequestPath=null, targetRequestParams={}]], SPRING_SECURITY_CONTEXT=org.springframework.security.core.context.SecurityContextImpl@81c98b2: Authentication: org.springframework.security.authentication.UsernamePasswordAuthenticationToken@81c98b2: Principal: org.springframework.security.core.userdetails.User@36ebcb: Username: user; Password: [PROTECTED]; Enabled: true; AccountNonExpired: true; credentialsNonExpired: true; AccountNonLocked: true; Granted Authorities: ROLE_ADMIN; Credentials: [PROTECTED]; Authenticated: true; Details: null; Granted Authorities: ROLE_ADMIN}

Handler:
             Type = null

Async:
    Async started = false
     Async result = null

Resolved Exception:
             Type = null

ModelAndView:
        View name = null
             View = null
            Model = null

FlashMap:
       Attributes = null

MockHttpServletResponse:
           Status = 403
    Error message = null
          Headers = [Content-Type:"application/json", X-Content-Type-Options:"nosniff", X-XSS-Protection:"1; mode=block", Cache-Control:"no-cache, no-store, max-age=0, must-revalidate", Pragma:"no-cache", Expires:"0", X-Frame-Options:"DENY"]
     Content type = application/json
             Body = {"message":"JWT strings must contain exactly 2 period characters. Found: 0"}
    Forwarded URL = null
   Redirected URL = null
          Cookies = []
]]></system-out>
  </testcase>
  <testcase name="post_createArticle_withValidData_AndFullImage_storesCorrect" classname="architecture.integration.web.articles.ArticleControllerCreateIntegrationTests" time="0.093">
    <error message="Index 0 out of bounds for length 0" type="java.lang.IndexOutOfBoundsException">java.lang.IndexOutOfBoundsException: Index 0 out of bounds for length 0
	at architecture.integration.web.articles.ArticleControllerCreateIntegrationTests.post_createArticle_withValidData_AndFullImage_storesCorrect(ArticleControllerCreateIntegrationTests.java:188)
</error>
    <system-out><![CDATA[/fr/admin/articles/create


MockHttpServletRequest:
      HTTP Method = POST
      Request URI = /fr/admin/articles/create
       Parameters = {categoryId=[109], _csrf=[cdc83348-a64a-4331-b16b-f625085d3c2c]}
          Headers = [Cookie:"lang=fr", Accept-Language:"fr-fr"]
             Body = null
    Session Attrs = {org.springframework.web.servlet.support.SessionFlashMapManager.FLASH_MAPS=[FlashMap [attributes={articleBinding=architecture.domain.models.bindingModels.articles.ArticleCreateBindingModel@6dd17a2}, targetRequestPath=null, targetRequestParams={}]], SPRING_SECURITY_CONTEXT=org.springframework.security.core.context.SecurityContextImpl@81c98b2: Authentication: org.springframework.security.authentication.UsernamePasswordAuthenticationToken@81c98b2: Principal: org.springframework.security.core.userdetails.User@36ebcb: Username: user; Password: [PROTECTED]; Enabled: true; AccountNonExpired: true; credentialsNonExpired: true; AccountNonLocked: true; Granted Authorities: ROLE_ADMIN; Credentials: [PROTECTED]; Authenticated: true; Details: null; Granted Authorities: ROLE_ADMIN}

Handler:
             Type = null

Async:
    Async started = false
     Async result = null

Resolved Exception:
             Type = null

ModelAndView:
        View name = null
             View = null
            Model = null

FlashMap:
       Attributes = null

MockHttpServletResponse:
           Status = 403
    Error message = null
          Headers = [Content-Type:"application/json", X-Content-Type-Options:"nosniff", X-XSS-Protection:"1; mode=block", Cache-Control:"no-cache, no-store, max-age=0, must-revalidate", Pragma:"no-cache", Expires:"0", X-Frame-Options:"DENY"]
     Content type = application/json
             Body = {"message":"JWT strings must contain exactly 2 period characters. Found: 0"}
    Forwarded URL = null
   Redirected URL = null
          Cookies = []
]]></system-out>
  </testcase>
  <testcase name="post_createArticle_withValidData_andFullImage_redirectsCorrect" classname="architecture.integration.web.articles.ArticleControllerCreateIntegrationTests" time="0.12">
    <failure message="Range for response status value 403 expected:&lt;REDIRECTION&gt; but was:&lt;CLIENT_ERROR&gt;" type="java.lang.AssertionError"><![CDATA[java.lang.AssertionError: Range for response status value 403 expected:<REDIRECTION> but was:<CLIENT_ERROR>
	at architecture.integration.web.articles.ArticleControllerCreateIntegrationTests.post_createArticle_withValidData_andFullImage_redirectsCorrect(ArticleControllerCreateIntegrationTests.java:112)
]]></failure>
    <system-out><![CDATA[/fr/admin/articles/create


MockHttpServletRequest:
      HTTP Method = POST
      Request URI = /fr/admin/articles/create
       Parameters = {categoryId=[112], _csrf=[6b68a007-58ab-4d5e-8202-e902fffe2c92]}
          Headers = [Cookie:"lang=fr", Accept-Language:"fr-fr"]
             Body = null
    Session Attrs = {org.springframework.web.servlet.support.SessionFlashMapManager.FLASH_MAPS=[FlashMap [attributes={articleBinding=architecture.domain.models.bindingModels.articles.ArticleCreateBindingModel@5a8d76ca}, targetRequestPath=null, targetRequestParams={}]], SPRING_SECURITY_CONTEXT=org.springframework.security.core.context.SecurityContextImpl@81c98b2: Authentication: org.springframework.security.authentication.UsernamePasswordAuthenticationToken@81c98b2: Principal: org.springframework.security.core.userdetails.User@36ebcb: Username: user; Password: [PROTECTED]; Enabled: true; AccountNonExpired: true; credentialsNonExpired: true; AccountNonLocked: true; Granted Authorities: ROLE_ADMIN; Credentials: [PROTECTED]; Authenticated: true; Details: null; Granted Authorities: ROLE_ADMIN}

Handler:
             Type = null

Async:
    Async started = false
     Async result = null

Resolved Exception:
             Type = null

ModelAndView:
        View name = null
             View = null
            Model = null

FlashMap:
       Attributes = null

MockHttpServletResponse:
           Status = 403
    Error message = null
          Headers = [Content-Type:"application/json", X-Content-Type-Options:"nosniff", X-XSS-Protection:"1; mode=block", Cache-Control:"no-cache, no-store, max-age=0, must-revalidate", Pragma:"no-cache", Expires:"0", X-Frame-Options:"DENY"]
     Content type = application/json
             Body = {"message":"JWT strings must contain exactly 2 period characters. Found: 0"}
    Forwarded URL = null
   Redirected URL = null
          Cookies = []
]]></system-out>
  </testcase>
  <testcase name="post_createArticle_withNullUrl_returnsForm" classname="architecture.integration.web.articles.ArticleControllerCreateIntegrationTests" time="0.129">
    <failure message="Status expected:&lt;200&gt; but was:&lt;403&gt;" type="java.lang.AssertionError"><![CDATA[java.lang.AssertionError: Status expected:<200> but was:<403>
	at architecture.integration.web.articles.ArticleControllerCreateIntegrationTests.post_createArticle_withNullUrl_returnsForm(ArticleControllerCreateIntegrationTests.java:299)
]]></failure>
    <system-out><![CDATA[/fr/admin/articles/create


MockHttpServletRequest:
      HTTP Method = POST
      Request URI = /fr/admin/articles/create
       Parameters = {categoryId=[], _csrf=[142e179b-a188-4dcd-98c5-9a9a8ad00f7d]}
          Headers = [Cookie:"lang=fr", Accept-Language:"fr-fr"]
             Body = null
    Session Attrs = {org.springframework.web.servlet.support.SessionFlashMapManager.FLASH_MAPS=[FlashMap [attributes={articleBinding=architecture.domain.models.bindingModels.articles.ArticleCreateBindingModel@b13b16c}, targetRequestPath=null, targetRequestParams={}]], SPRING_SECURITY_CONTEXT=org.springframework.security.core.context.SecurityContextImpl@81c98b2: Authentication: org.springframework.security.authentication.UsernamePasswordAuthenticationToken@81c98b2: Principal: org.springframework.security.core.userdetails.User@36ebcb: Username: user; Password: [PROTECTED]; Enabled: true; AccountNonExpired: true; credentialsNonExpired: true; AccountNonLocked: true; Granted Authorities: ROLE_ADMIN; Credentials: [PROTECTED]; Authenticated: true; Details: null; Granted Authorities: ROLE_ADMIN}

Handler:
             Type = null

Async:
    Async started = false
     Async result = null

Resolved Exception:
             Type = null

ModelAndView:
        View name = null
             View = null
            Model = null

FlashMap:
       Attributes = null

MockHttpServletResponse:
           Status = 403
    Error message = null
          Headers = [Content-Type:"application/json", X-Content-Type-Options:"nosniff", X-XSS-Protection:"1; mode=block", Cache-Control:"no-cache, no-store, max-age=0, must-revalidate", Pragma:"no-cache", Expires:"0", X-Frame-Options:"DENY"]
     Content type = application/json
             Body = {"message":"JWT strings must contain exactly 2 period characters. Found: 0"}
    Forwarded URL = null
   Redirected URL = null
          Cookies = []
]]></system-out>
  </testcase>
  <testcase name="post_createArticle_withEmptyTitle_returnsForm" classname="architecture.integration.web.articles.ArticleControllerCreateIntegrationTests" time="0.114">
    <failure message="Status expected:&lt;200&gt; but was:&lt;403&gt;" type="java.lang.AssertionError"><![CDATA[java.lang.AssertionError: Status expected:<200> but was:<403>
	at architecture.integration.web.articles.ArticleControllerCreateIntegrationTests.post_createArticle_withEmptyTitle_returnsForm(ArticleControllerCreateIntegrationTests.java:349)
]]></failure>
    <system-out><![CDATA[/fr/admin/articles/create


MockHttpServletRequest:
      HTTP Method = POST
      Request URI = /fr/admin/articles/create
       Parameters = {categoryId=[], _csrf=[634c8288-5357-4230-a764-4a873a7d277c]}
          Headers = [Cookie:"lang=fr", Accept-Language:"fr-fr"]
             Body = null
    Session Attrs = {org.springframework.web.servlet.support.SessionFlashMapManager.FLASH_MAPS=[FlashMap [attributes={articleBinding=architecture.domain.models.bindingModels.articles.ArticleCreateBindingModel@4cb30be0}, targetRequestPath=null, targetRequestParams={}]], SPRING_SECURITY_CONTEXT=org.springframework.security.core.context.SecurityContextImpl@81c98b2: Authentication: org.springframework.security.authentication.UsernamePasswordAuthenticationToken@81c98b2: Principal: org.springframework.security.core.userdetails.User@36ebcb: Username: user; Password: [PROTECTED]; Enabled: true; AccountNonExpired: true; credentialsNonExpired: true; AccountNonLocked: true; Granted Authorities: ROLE_ADMIN; Credentials: [PROTECTED]; Authenticated: true; Details: null; Granted Authorities: ROLE_ADMIN}

Handler:
             Type = null

Async:
    Async started = false
     Async result = null

Resolved Exception:
             Type = null

ModelAndView:
        View name = null
             View = null
            Model = null

FlashMap:
       Attributes = null

MockHttpServletResponse:
           Status = 403
    Error message = null
          Headers = [Content-Type:"application/json", X-Content-Type-Options:"nosniff", X-XSS-Protection:"1; mode=block", Cache-Control:"no-cache, no-store, max-age=0, must-revalidate", Pragma:"no-cache", Expires:"0", X-Frame-Options:"DENY"]
     Content type = application/json
             Body = {"message":"JWT strings must contain exactly 2 period characters. Found: 0"}
    Forwarded URL = null
   Redirected URL = null
          Cookies = []
]]></system-out>
  </testcase>
  <testcase name="post_createArticle_withValidData_RoleUser_redirectsUnauthorized" classname="architecture.integration.web.articles.ArticleControllerCreateIntegrationTests" time="0.1">
    <failure message="Range for response status value 403 expected:&lt;REDIRECTION&gt; but was:&lt;CLIENT_ERROR&gt;" type="java.lang.AssertionError"><![CDATA[java.lang.AssertionError: Range for response status value 403 expected:<REDIRECTION> but was:<CLIENT_ERROR>
	at architecture.integration.web.articles.ArticleControllerCreateIntegrationTests.post_createArticle_withValidData_RoleUser_redirectsUnauthorized(ArticleControllerCreateIntegrationTests.java:146)
]]></failure>
    <system-out><![CDATA[/fr/admin/articles/create


MockHttpServletRequest:
      HTTP Method = POST
      Request URI = /fr/admin/articles/create
       Parameters = {categoryId=[121], _csrf=[cc2598e2-c808-479a-b5f3-0706457983b9]}
          Headers = [Cookie:"lang=fr", Accept-Language:"fr-fr"]
             Body = null
    Session Attrs = {org.springframework.web.servlet.support.SessionFlashMapManager.FLASH_MAPS=[FlashMap [attributes={articleBinding=architecture.domain.models.bindingModels.articles.ArticleCreateBindingModel@199481b0}, targetRequestPath=null, targetRequestParams={}]], SPRING_SECURITY_CONTEXT=org.springframework.security.core.context.SecurityContextImpl@ca25360: Authentication: org.springframework.security.authentication.UsernamePasswordAuthenticationToken@ca25360: Principal: org.springframework.security.core.userdetails.User@36ebcb: Username: user; Password: [PROTECTED]; Enabled: true; AccountNonExpired: true; credentialsNonExpired: true; AccountNonLocked: true; Granted Authorities: ROLE_USER; Credentials: [PROTECTED]; Authenticated: true; Details: null; Granted Authorities: ROLE_USER}

Handler:
             Type = null

Async:
    Async started = false
     Async result = null

Resolved Exception:
             Type = null

ModelAndView:
        View name = null
             View = null
            Model = null

FlashMap:
       Attributes = null

MockHttpServletResponse:
           Status = 403
    Error message = null
          Headers = [Content-Type:"application/json", X-Content-Type-Options:"nosniff", X-XSS-Protection:"1; mode=block", Cache-Control:"no-cache, no-store, max-age=0, must-revalidate", Pragma:"no-cache", Expires:"0", X-Frame-Options:"DENY"]
     Content type = application/json
             Body = {"message":"JWT strings must contain exactly 2 period characters. Found: 0"}
    Forwarded URL = null
   Redirected URL = null
          Cookies = []
]]></system-out>
  </testcase>
  <testcase name="post_createArticle_withNullData_returnsForm" classname="architecture.integration.web.articles.ArticleControllerCreateIntegrationTests" time="0.126">
    <failure message="Status expected:&lt;200&gt; but was:&lt;403&gt;" type="java.lang.AssertionError"><![CDATA[java.lang.AssertionError: Status expected:<200> but was:<403>
	at architecture.integration.web.articles.ArticleControllerCreateIntegrationTests.post_createArticle_withNullData_returnsForm(ArticleControllerCreateIntegrationTests.java:213)
]]></failure>
    <system-out><![CDATA[/fr/admin/articles/create


MockHttpServletRequest:
      HTTP Method = POST
      Request URI = /fr/admin/articles/create
       Parameters = {categoryId=[], _csrf=[4731910d-5fec-4254-82af-cae208fda610]}
          Headers = [Cookie:"lang=fr", Accept-Language:"fr-fr"]
             Body = null
    Session Attrs = {org.springframework.web.servlet.support.SessionFlashMapManager.FLASH_MAPS=[FlashMap [attributes={articleBinding=architecture.domain.models.bindingModels.articles.ArticleCreateBindingModel@1a840ec7}, targetRequestPath=null, targetRequestParams={}]], SPRING_SECURITY_CONTEXT=org.springframework.security.core.context.SecurityContextImpl@81c98b2: Authentication: org.springframework.security.authentication.UsernamePasswordAuthenticationToken@81c98b2: Principal: org.springframework.security.core.userdetails.User@36ebcb: Username: user; Password: [PROTECTED]; Enabled: true; AccountNonExpired: true; credentialsNonExpired: true; AccountNonLocked: true; Granted Authorities: ROLE_ADMIN; Credentials: [PROTECTED]; Authenticated: true; Details: null; Granted Authorities: ROLE_ADMIN}

Handler:
             Type = null

Async:
    Async started = false
     Async result = null

Resolved Exception:
             Type = null

ModelAndView:
        View name = null
             View = null
            Model = null

FlashMap:
       Attributes = null

MockHttpServletResponse:
           Status = 403
    Error message = null
          Headers = [Content-Type:"application/json", X-Content-Type-Options:"nosniff", X-XSS-Protection:"1; mode=block", Cache-Control:"no-cache, no-store, max-age=0, must-revalidate", Pragma:"no-cache", Expires:"0", X-Frame-Options:"DENY"]
     Content type = application/json
             Body = {"message":"JWT strings must contain exactly 2 period characters. Found: 0"}
    Forwarded URL = null
   Redirected URL = null
          Cookies = []
]]></system-out>
  </testcase>
  <testcase name="post_createArticle_withNullTitle_returnsForm" classname="architecture.integration.web.articles.ArticleControllerCreateIntegrationTests" time="0.113">
    <failure message="Status expected:&lt;200&gt; but was:&lt;403&gt;" type="java.lang.AssertionError"><![CDATA[java.lang.AssertionError: Status expected:<200> but was:<403>
	at architecture.integration.web.articles.ArticleControllerCreateIntegrationTests.post_createArticle_withNullTitle_returnsForm(ArticleControllerCreateIntegrationTests.java:333)
]]></failure>
    <system-out><![CDATA[/fr/admin/articles/create


MockHttpServletRequest:
      HTTP Method = POST
      Request URI = /fr/admin/articles/create
       Parameters = {categoryId=[], _csrf=[dc66d01c-5526-4010-8f9c-9529e447d856]}
          Headers = [Cookie:"lang=fr", Accept-Language:"fr-fr"]
             Body = null
    Session Attrs = {org.springframework.web.servlet.support.SessionFlashMapManager.FLASH_MAPS=[FlashMap [attributes={articleBinding=architecture.domain.models.bindingModels.articles.ArticleCreateBindingModel@57132bdf}, targetRequestPath=null, targetRequestParams={}]], SPRING_SECURITY_CONTEXT=org.springframework.security.core.context.SecurityContextImpl@81c98b2: Authentication: org.springframework.security.authentication.UsernamePasswordAuthenticationToken@81c98b2: Principal: org.springframework.security.core.userdetails.User@36ebcb: Username: user; Password: [PROTECTED]; Enabled: true; AccountNonExpired: true; credentialsNonExpired: true; AccountNonLocked: true; Granted Authorities: ROLE_ADMIN; Credentials: [PROTECTED]; Authenticated: true; Details: null; Granted Authorities: ROLE_ADMIN}

Handler:
             Type = null

Async:
    Async started = false
     Async result = null

Resolved Exception:
             Type = null

ModelAndView:
        View name = null
             View = null
            Model = null

FlashMap:
       Attributes = null

MockHttpServletResponse:
           Status = 403
    Error message = null
          Headers = [Content-Type:"application/json", X-Content-Type-Options:"nosniff", X-XSS-Protection:"1; mode=block", Cache-Control:"no-cache, no-store, max-age=0, must-revalidate", Pragma:"no-cache", Expires:"0", X-Frame-Options:"DENY"]
     Content type = application/json
             Body = {"message":"JWT strings must contain exactly 2 period characters. Found: 0"}
    Forwarded URL = null
   Redirected URL = null
          Cookies = []
]]></system-out>
  </testcase>
  <testcase name="post_createArticle_withNullCountry_returnsForm" classname="architecture.integration.web.articles.ArticleControllerCreateIntegrationTests" time="0.093">
    <failure message="Status expected:&lt;200&gt; but was:&lt;403&gt;" type="java.lang.AssertionError"><![CDATA[java.lang.AssertionError: Status expected:<200> but was:<403>
	at architecture.integration.web.articles.ArticleControllerCreateIntegrationTests.post_createArticle_withNullCountry_returnsForm(ArticleControllerCreateIntegrationTests.java:260)
]]></failure>
    <system-out><![CDATA[/fr/admin/articles/create


MockHttpServletRequest:
      HTTP Method = POST
      Request URI = /fr/admin/articles/create
       Parameters = {categoryId=[], _csrf=[53e8e7cd-5a2a-44b3-9d9f-2b81557fecec]}
          Headers = [Cookie:"lang=fr", Accept-Language:"fr-fr"]
             Body = null
    Session Attrs = {org.springframework.web.servlet.support.SessionFlashMapManager.FLASH_MAPS=[FlashMap [attributes={articleBinding=architecture.domain.models.bindingModels.articles.ArticleCreateBindingModel@7338850c}, targetRequestPath=null, targetRequestParams={}]], SPRING_SECURITY_CONTEXT=org.springframework.security.core.context.SecurityContextImpl@81c98b2: Authentication: org.springframework.security.authentication.UsernamePasswordAuthenticationToken@81c98b2: Principal: org.springframework.security.core.userdetails.User@36ebcb: Username: user; Password: [PROTECTED]; Enabled: true; AccountNonExpired: true; credentialsNonExpired: true; AccountNonLocked: true; Granted Authorities: ROLE_ADMIN; Credentials: [PROTECTED]; Authenticated: true; Details: null; Granted Authorities: ROLE_ADMIN}

Handler:
             Type = null

Async:
    Async started = false
     Async result = null

Resolved Exception:
             Type = null

ModelAndView:
        View name = null
             View = null
            Model = null

FlashMap:
       Attributes = null

MockHttpServletResponse:
           Status = 403
    Error message = null
          Headers = [Content-Type:"application/json", X-Content-Type-Options:"nosniff", X-XSS-Protection:"1; mode=block", Cache-Control:"no-cache, no-store, max-age=0, must-revalidate", Pragma:"no-cache", Expires:"0", X-Frame-Options:"DENY"]
     Content type = application/json
             Body = {"message":"JWT strings must contain exactly 2 period characters. Found: 0"}
    Forwarded URL = null
   Redirected URL = null
          Cookies = []
]]></system-out>
  </testcase>
  <testcase name="get_createArticle_withRoleAdmin_returnsCorrectView" classname="architecture.integration.web.articles.ArticleControllerCreateIntegrationTests" time="0.944"/>
  <testcase name="post_createArticle_withInvalidCountry_returnsErrorPage" classname="architecture.integration.web.articles.ArticleControllerCreateIntegrationTests" time="0.093">
    <failure message="Status expected:&lt;200&gt; but was:&lt;403&gt;" type="java.lang.AssertionError"><![CDATA[java.lang.AssertionError: Status expected:<200> but was:<403>
	at architecture.integration.web.articles.ArticleControllerCreateIntegrationTests.post_createArticle_withInvalidCountry_returnsErrorPage(ArticleControllerCreateIntegrationTests.java:281)
]]></failure>
    <system-out><![CDATA[/fr/admin/articles/create


MockHttpServletRequest:
      HTTP Method = POST
      Request URI = /fr/admin/articles/create
       Parameters = {categoryId=[], title=[Musée du Louvre], content=[Le plus grand et frequenté musée de France], mainImage.url=[https://www.vivadavinci2019.fr/wp-content/uploads/2018/11/chateau-chenonceau-1024x683.jpg], mainImage.name=[Vue de la façade principale], country=[FI], _csrf=[dd04dc1b-8e5b-4b3a-ad6b-f3c5262cf67f]}
          Headers = [Cookie:"lang=fr", Accept-Language:"fr-fr"]
             Body = null
    Session Attrs = {SPRING_SECURITY_CONTEXT=org.springframework.security.core.context.SecurityContextImpl@81c98b2: Authentication: org.springframework.security.authentication.UsernamePasswordAuthenticationToken@81c98b2: Principal: org.springframework.security.core.userdetails.User@36ebcb: Username: user; Password: [PROTECTED]; Enabled: true; AccountNonExpired: true; credentialsNonExpired: true; AccountNonLocked: true; Granted Authorities: ROLE_ADMIN; Credentials: [PROTECTED]; Authenticated: true; Details: null; Granted Authorities: ROLE_ADMIN}

Handler:
             Type = null

Async:
    Async started = false
     Async result = null

Resolved Exception:
             Type = null

ModelAndView:
        View name = null
             View = null
            Model = null

FlashMap:
       Attributes = null

MockHttpServletResponse:
           Status = 403
    Error message = null
          Headers = [Content-Type:"application/json", X-Content-Type-Options:"nosniff", X-XSS-Protection:"1; mode=block", Cache-Control:"no-cache, no-store, max-age=0, must-revalidate", Pragma:"no-cache", Expires:"0", X-Frame-Options:"DENY"]
     Content type = application/json
             Body = {"message":"JWT strings must contain exactly 2 period characters. Found: 0"}
    Forwarded URL = null
   Redirected URL = null
          Cookies = []
]]></system-out>
  </testcase>
  <testcase name="post_createArticle_withValidData_andEmptyImage_redirectsCorrect" classname="architecture.integration.web.articles.ArticleControllerCreateIntegrationTests" time="0.117">
    <failure message="Range for response status value 403 expected:&lt;REDIRECTION&gt; but was:&lt;CLIENT_ERROR&gt;" type="java.lang.AssertionError"><![CDATA[java.lang.AssertionError: Range for response status value 403 expected:<REDIRECTION> but was:<CLIENT_ERROR>
	at architecture.integration.web.articles.ArticleControllerCreateIntegrationTests.post_createArticle_withValidData_andEmptyImage_redirectsCorrect(ArticleControllerCreateIntegrationTests.java:96)
]]></failure>
    <system-out><![CDATA[/fr/admin/articles/create


MockHttpServletRequest:
      HTTP Method = POST
      Request URI = /fr/admin/articles/create
       Parameters = {categoryId=[139], _csrf=[f63782e4-d087-4ba1-8964-644c28d3bd8e]}
          Headers = [Cookie:"lang=fr", Accept-Language:"fr-fr"]
             Body = null
    Session Attrs = {org.springframework.web.servlet.support.SessionFlashMapManager.FLASH_MAPS=[FlashMap [attributes={articleBinding=architecture.domain.models.bindingModels.articles.ArticleCreateBindingModel@6dc0e992}, targetRequestPath=null, targetRequestParams={}]], SPRING_SECURITY_CONTEXT=org.springframework.security.core.context.SecurityContextImpl@81c98b2: Authentication: org.springframework.security.authentication.UsernamePasswordAuthenticationToken@81c98b2: Principal: org.springframework.security.core.userdetails.User@36ebcb: Username: user; Password: [PROTECTED]; Enabled: true; AccountNonExpired: true; credentialsNonExpired: true; AccountNonLocked: true; Granted Authorities: ROLE_ADMIN; Credentials: [PROTECTED]; Authenticated: true; Details: null; Granted Authorities: ROLE_ADMIN}

Handler:
             Type = null

Async:
    Async started = false
     Async result = null

Resolved Exception:
             Type = null

ModelAndView:
        View name = null
             View = null
            Model = null

FlashMap:
       Attributes = null

MockHttpServletResponse:
           Status = 403
    Error message = null
          Headers = [Content-Type:"application/json", X-Content-Type-Options:"nosniff", X-XSS-Protection:"1; mode=block", Cache-Control:"no-cache, no-store, max-age=0, must-revalidate", Pragma:"no-cache", Expires:"0", X-Frame-Options:"DENY"]
     Content type = application/json
             Body = {"message":"JWT strings must contain exactly 2 period characters. Found: 0"}
    Forwarded URL = null
   Redirected URL = null
          Cookies = []
]]></system-out>
  </testcase>
  <testcase name="post_createArticle_withLowercaseTitle_returnsForm" classname="architecture.integration.web.articles.ArticleControllerCreateIntegrationTests" time="0.12">
    <failure message="Status expected:&lt;200&gt; but was:&lt;403&gt;" type="java.lang.AssertionError"><![CDATA[java.lang.AssertionError: Status expected:<200> but was:<403>
	at architecture.integration.web.articles.ArticleControllerCreateIntegrationTests.post_createArticle_withLowercaseTitle_returnsForm(ArticleControllerCreateIntegrationTests.java:365)
]]></failure>
    <system-out><![CDATA[/fr/admin/articles/create


MockHttpServletRequest:
      HTTP Method = POST
      Request URI = /fr/admin/articles/create
       Parameters = {categoryId=[], _csrf=[7b75dab1-a1a4-4b08-9afa-1a85f579319a]}
          Headers = [Cookie:"lang=fr", Accept-Language:"fr-fr"]
             Body = null
    Session Attrs = {org.springframework.web.servlet.support.SessionFlashMapManager.FLASH_MAPS=[FlashMap [attributes={articleBinding=architecture.domain.models.bindingModels.articles.ArticleCreateBindingModel@92d893f}, targetRequestPath=null, targetRequestParams={}]], SPRING_SECURITY_CONTEXT=org.springframework.security.core.context.SecurityContextImpl@81c98b2: Authentication: org.springframework.security.authentication.UsernamePasswordAuthenticationToken@81c98b2: Principal: org.springframework.security.core.userdetails.User@36ebcb: Username: user; Password: [PROTECTED]; Enabled: true; AccountNonExpired: true; credentialsNonExpired: true; AccountNonLocked: true; Granted Authorities: ROLE_ADMIN; Credentials: [PROTECTED]; Authenticated: true; Details: null; Granted Authorities: ROLE_ADMIN}

Handler:
             Type = null

Async:
    Async started = false
     Async result = null

Resolved Exception:
             Type = null

ModelAndView:
        View name = null
             View = null
            Model = null

FlashMap:
       Attributes = null

MockHttpServletResponse:
           Status = 403
    Error message = null
          Headers = [Content-Type:"application/json", X-Content-Type-Options:"nosniff", X-XSS-Protection:"1; mode=block", Cache-Control:"no-cache, no-store, max-age=0, must-revalidate", Pragma:"no-cache", Expires:"0", X-Frame-Options:"DENY"]
     Content type = application/json
             Body = {"message":"JWT strings must contain exactly 2 period characters. Found: 0"}
    Forwarded URL = null
   Redirected URL = null
          Cookies = []
]]></system-out>
  </testcase>
  <testcase name="post_createArticle_withValidData_AndEmptyImage_storesCorrect" classname="architecture.integration.web.articles.ArticleControllerCreateIntegrationTests" time="0.105">
    <error message="Index 0 out of bounds for length 0" type="java.lang.IndexOutOfBoundsException">java.lang.IndexOutOfBoundsException: Index 0 out of bounds for length 0
	at architecture.integration.web.articles.ArticleControllerCreateIntegrationTests.post_createArticle_withValidData_AndEmptyImage_storesCorrect(ArticleControllerCreateIntegrationTests.java:162)
</error>
    <system-out><![CDATA[/fr/admin/articles/create


MockHttpServletRequest:
      HTTP Method = POST
      Request URI = /fr/admin/articles/create
       Parameters = {categoryId=[145], _csrf=[e60e3180-0765-4b17-afbd-ed459c66cca8]}
          Headers = [Cookie:"lang=fr", Accept-Language:"fr-fr"]
             Body = null
    Session Attrs = {org.springframework.web.servlet.support.SessionFlashMapManager.FLASH_MAPS=[FlashMap [attributes={articleBinding=architecture.domain.models.bindingModels.articles.ArticleCreateBindingModel@1bcfca78}, targetRequestPath=null, targetRequestParams={}]], SPRING_SECURITY_CONTEXT=org.springframework.security.core.context.SecurityContextImpl@81c98b2: Authentication: org.springframework.security.authentication.UsernamePasswordAuthenticationToken@81c98b2: Principal: org.springframework.security.core.userdetails.User@36ebcb: Username: user; Password: [PROTECTED]; Enabled: true; AccountNonExpired: true; credentialsNonExpired: true; AccountNonLocked: true; Granted Authorities: ROLE_ADMIN; Credentials: [PROTECTED]; Authenticated: true; Details: null; Granted Authorities: ROLE_ADMIN}

Handler:
             Type = null

Async:
    Async started = false
     Async result = null

Resolved Exception:
             Type = null

ModelAndView:
        View name = null
             View = null
            Model = null

FlashMap:
       Attributes = null

MockHttpServletResponse:
           Status = 403
    Error message = null
          Headers = [Content-Type:"application/json", X-Content-Type-Options:"nosniff", X-XSS-Protection:"1; mode=block", Cache-Control:"no-cache, no-store, max-age=0, must-revalidate", Pragma:"no-cache", Expires:"0", X-Frame-Options:"DENY"]
     Content type = application/json
             Body = {"message":"JWT strings must contain exactly 2 period characters. Found: 0"}
    Forwarded URL = null
   Redirected URL = null
          Cookies = []
]]></system-out>
  </testcase>
  <testcase name="post_createArticle_invalidUrl_returnsForm" classname="architecture.integration.web.articles.ArticleControllerCreateIntegrationTests" time="0.093">
    <failure message="Status expected:&lt;200&gt; but was:&lt;403&gt;" type="java.lang.AssertionError"><![CDATA[java.lang.AssertionError: Status expected:<200> but was:<403>
	at architecture.integration.web.articles.ArticleControllerCreateIntegrationTests.post_createArticle_invalidUrl_returnsForm(ArticleControllerCreateIntegrationTests.java:315)
]]></failure>
    <system-out><![CDATA[/fr/admin/articles/create


MockHttpServletRequest:
      HTTP Method = POST
      Request URI = /fr/admin/articles/create
       Parameters = {categoryId=[], _csrf=[28c19fe7-334b-41ed-9142-f352118e53a5]}
          Headers = [Cookie:"lang=fr", Accept-Language:"fr-fr"]
             Body = null
    Session Attrs = {org.springframework.web.servlet.support.SessionFlashMapManager.FLASH_MAPS=[FlashMap [attributes={articleBinding=architecture.domain.models.bindingModels.articles.ArticleCreateBindingModel@5ff44f40}, targetRequestPath=null, targetRequestParams={}]], SPRING_SECURITY_CONTEXT=org.springframework.security.core.context.SecurityContextImpl@81c98b2: Authentication: org.springframework.security.authentication.UsernamePasswordAuthenticationToken@81c98b2: Principal: org.springframework.security.core.userdetails.User@36ebcb: Username: user; Password: [PROTECTED]; Enabled: true; AccountNonExpired: true; credentialsNonExpired: true; AccountNonLocked: true; Granted Authorities: ROLE_ADMIN; Credentials: [PROTECTED]; Authenticated: true; Details: null; Granted Authorities: ROLE_ADMIN}

Handler:
             Type = null

Async:
    Async started = false
     Async result = null

Resolved Exception:
             Type = null

ModelAndView:
        View name = null
             View = null
            Model = null

FlashMap:
       Attributes = null

MockHttpServletResponse:
           Status = 403
    Error message = null
          Headers = [Content-Type:"application/json", X-Content-Type-Options:"nosniff", X-XSS-Protection:"1; mode=block", Cache-Control:"no-cache, no-store, max-age=0, must-revalidate", Pragma:"no-cache", Expires:"0", X-Frame-Options:"DENY"]
     Content type = application/json
             Body = {"message":"JWT strings must contain exactly 2 period characters. Found: 0"}
    Forwarded URL = null
   Redirected URL = null
          Cookies = []
]]></system-out>
  </testcase>
  <testcase name="post_createArticle_withValidData_AndNonexistentCategory_returnsErrorPage" classname="architecture.integration.web.articles.ArticleControllerCreateIntegrationTests" time="0.093">
    <failure message="Status expected:&lt;200&gt; but was:&lt;403&gt;" type="java.lang.AssertionError"><![CDATA[java.lang.AssertionError: Status expected:<200> but was:<403>
	at architecture.integration.web.articles.ArticleControllerCreateIntegrationTests.post_createArticle_withValidData_AndNonexistentCategory_returnsErrorPage(ArticleControllerCreateIntegrationTests.java:241)
]]></failure>
    <system-out><![CDATA[/fr/admin/articles/create


MockHttpServletRequest:
      HTTP Method = POST
      Request URI = /fr/admin/articles/create
       Parameters = {categoryId=[5555], _csrf=[83016444-63e8-4150-b6f9-012e1de08c89]}
          Headers = [Cookie:"lang=fr", Accept-Language:"fr-fr"]
             Body = null
    Session Attrs = {org.springframework.web.servlet.support.SessionFlashMapManager.FLASH_MAPS=[FlashMap [attributes={articleBinding=architecture.domain.models.bindingModels.articles.ArticleCreateBindingModel@48287a34}, targetRequestPath=null, targetRequestParams={}]], SPRING_SECURITY_CONTEXT=org.springframework.security.core.context.SecurityContextImpl@81c98b2: Authentication: org.springframework.security.authentication.UsernamePasswordAuthenticationToken@81c98b2: Principal: org.springframework.security.core.userdetails.User@36ebcb: Username: user; Password: [PROTECTED]; Enabled: true; AccountNonExpired: true; credentialsNonExpired: true; AccountNonLocked: true; Granted Authorities: ROLE_ADMIN; Credentials: [PROTECTED]; Authenticated: true; Details: null; Granted Authorities: ROLE_ADMIN}

Handler:
             Type = null

Async:
    Async started = false
     Async result = null

Resolved Exception:
             Type = null

ModelAndView:
        View name = null
             View = null
            Model = null

FlashMap:
       Attributes = null

MockHttpServletResponse:
           Status = 403
    Error message = null
          Headers = [Content-Type:"application/json", X-Content-Type-Options:"nosniff", X-XSS-Protection:"1; mode=block", Cache-Control:"no-cache, no-store, max-age=0, must-revalidate", Pragma:"no-cache", Expires:"0", X-Frame-Options:"DENY"]
     Content type = application/json
             Body = {"message":"JWT strings must contain exactly 2 period characters. Found: 0"}
    Forwarded URL = null
   Redirected URL = null
          Cookies = []
]]></system-out>
  </testcase>
  <testcase name="get_createArticle_anonymous_redirectsLogin" classname="architecture.integration.web.articles.ArticleControllerCreateIntegrationTests" time="0.091"/>
  <testcase name="get_createArticle_withRoleUser_redirectsUnauthorized" classname="architecture.integration.web.articles.ArticleControllerCreateIntegrationTests" time="0.111"/>
  <testcase name="post_createArticle_withValidData_Anonymous_redirectsLogin" classname="architecture.integration.web.articles.ArticleControllerCreateIntegrationTests" time="0.101">
    <failure message="Range for response status value 403 expected:&lt;REDIRECTION&gt; but was:&lt;CLIENT_ERROR&gt;" type="java.lang.AssertionError"><![CDATA[java.lang.AssertionError: Range for response status value 403 expected:<REDIRECTION> but was:<CLIENT_ERROR>
	at architecture.integration.web.articles.ArticleControllerCreateIntegrationTests.post_createArticle_withValidData_Anonymous_redirectsLogin(ArticleControllerCreateIntegrationTests.java:129)
]]></failure>
    <system-out><![CDATA[/fr/admin/articles/create


MockHttpServletRequest:
      HTTP Method = POST
      Request URI = /fr/admin/articles/create
       Parameters = {categoryId=[160], _csrf=[3803865f-bccf-44d1-b4f3-944c2794ed8a]}
          Headers = [Cookie:"lang=fr", Accept-Language:"fr-fr"]
             Body = null
    Session Attrs = {org.springframework.web.servlet.support.SessionFlashMapManager.FLASH_MAPS=[FlashMap [attributes={articleBinding=architecture.domain.models.bindingModels.articles.ArticleCreateBindingModel@2b88b02d}, targetRequestPath=null, targetRequestParams={}]]}

Handler:
             Type = null

Async:
    Async started = false
     Async result = null

Resolved Exception:
             Type = null

ModelAndView:
        View name = null
             View = null
            Model = null

FlashMap:
       Attributes = null

MockHttpServletResponse:
           Status = 403
    Error message = null
          Headers = [Content-Type:"application/json", X-Content-Type-Options:"nosniff", X-XSS-Protection:"1; mode=block", Cache-Control:"no-cache, no-store, max-age=0, must-revalidate", Pragma:"no-cache", Expires:"0", X-Frame-Options:"DENY"]
     Content type = application/json
             Body = {"message":"JWT strings must contain exactly 2 period characters. Found: 0"}
    Forwarded URL = null
   Redirected URL = null
          Cookies = []
]]></system-out>
  </testcase>
</testsuite>